c:\users\student\documents\github\physxtutorial-master\tutorial 4\x64\debug\vc141.pdb
c:\users\student\documents\github\physxtutorial-master\tutorial 4\x64\debug\vc141.idb
c:\users\student\documents\github\physxtutorial-master\tutorial 4\x64\debug\tutorial 4.obj
c:\users\student\documents\github\physxtutorial-master\tutorial 4\x64\debug\visualdebugger.obj
c:\users\student\documents\github\physxtutorial-master\tutorial 4\x64\debug\physicsengine.obj
c:\users\student\documents\github\physxtutorial-master\tutorial 4\x64\debug\renderer.obj
c:\users\student\documents\github\physxtutorial-master\tutorial 4\x64\debug\glfontrenderer.obj
c:\users\student\documents\github\physxtutorial-master\tutorial 4\x64\debug\camera.obj
c:\users\student\documents\github\physxtutorial-master\tutorial 4\x64\debug\start.obj
c:\users\student\documents\github\physxtutorial-master\tutorial 4\x64\debug\gamescene.obj
c:\users\student\documents\github\physxtutorial-master\x64\debug\tutorial 4.ilk
c:\users\student\documents\github\physxtutorial-master\x64\debug\tutorial 4.exe
c:\users\student\documents\github\physxtutorial-master\x64\debug\tutorial 4.pdb
c:\users\student\documents\github\physxtutorial-master\tutorial 4\x64\debug\tutorial 4.tlog\cl.command.1.tlog
c:\users\student\documents\github\physxtutorial-master\tutorial 4\x64\debug\tutorial 4.tlog\cl.read.1.tlog
c:\users\student\documents\github\physxtutorial-master\tutorial 4\x64\debug\tutorial 4.tlog\cl.write.1.tlog
c:\users\student\documents\github\physxtutorial-master\tutorial 4\x64\debug\tutorial 4.tlog\link.2768-cvtres.read.1.tlog
c:\users\student\documents\github\physxtutorial-master\tutorial 4\x64\debug\tutorial 4.tlog\link.2768-cvtres.write.1.tlog
c:\users\student\documents\github\physxtutorial-master\tutorial 4\x64\debug\tutorial 4.tlog\link.2768-rc.read.1.tlog
c:\users\student\documents\github\physxtutorial-master\tutorial 4\x64\debug\tutorial 4.tlog\link.2768-rc.write.1.tlog
c:\users\student\documents\github\physxtutorial-master\tutorial 4\x64\debug\tutorial 4.tlog\link.2768.read.1.tlog
c:\users\student\documents\github\physxtutorial-master\tutorial 4\x64\debug\tutorial 4.tlog\link.2768.write.1.tlog
c:\users\student\documents\github\physxtutorial-master\tutorial 4\x64\debug\tutorial 4.tlog\link.command.1.tlog
c:\users\student\documents\github\physxtutorial-master\tutorial 4\x64\debug\tutorial 4.tlog\link.read.1.tlog
c:\users\student\documents\github\physxtutorial-master\tutorial 4\x64\debug\tutorial 4.tlog\link.write.1.tlog
